
============================================================
Parameter Sweep Runner
============================================================
Total scenarios: 50
Already completed: 0
Pending: 10
Duration per scenario: 2500s (42 min)
Startup wait: 45s
Estimated total time: 7.1 hours
Results directory: exploratory_sweep/results
Auto-restart: after 3 consecutive failures

Starting sweep at 2026-02-25T23:01:18.179786...
------------------------------------------------------------
Initial cleanup - stopping any running networks...
  Cooldown 30s...
[1/10] Running sweep_0000...
  Injecting sweep config...
  Injecting network metadata...
  Stopping previous network...
  Cooldown 30s...
  Deploying network...
  Waiting 45s for nodes to start...
  Network deployed with 60 pods
  Deploying scenario commander...
  Waiting for scenario completion (up to 2620s)...
    Found commander pod: commander-partitionminerwithpools-1772078606
    Pod status: Failed after 675s
  Warning: Scenario may not have completed properly
  Extracting results...
  Warning: Results extraction failed: 
  OK (776s) - ETA: 1:56:26
[2/10] Running sweep_0001...
  Injecting sweep config...
  Injecting network metadata...
  Stopping previous network...
  Cooldown 30s...
  Deploying network...
  Waiting 45s for nodes to start...
  Network deployed with 60 pods
  Deploying scenario commander...
  Waiting for scenario completion (up to 2620s)...
    Found commander pod: commander-partitionminerwithpools-1772079393
    Still waiting... (1440s elapsed, pod: Running)
    Still waiting... (2430s elapsed, pod: Running)
    Pod status: Succeeded after 2544s
  Extracting results...
  Results extracted successfully
  OK (2685s) - ETA: 3:50:44
[3/10] Running sweep_0002...
  Injecting sweep config...
  Injecting network metadata...
  Stopping previous network...
  Cooldown 30s...
  Deploying network...
  Waiting 45s for nodes to start...
  Network deployed with 60 pods
  Deploying scenario commander...
  Waiting for scenario completion (up to 2620s)...
    Found commander pod: commander-partitionminerwithpools-1772082085
    Still waiting... (720s elapsed, pod: Running)
    Pod status: Succeeded after 2545s
  Extracting results...
  Results extracted successfully
  OK (2681s) - ETA: 3:58:50
[4/10] Running sweep_0003...
  Injecting sweep config...
  Injecting network metadata...
  Stopping previous network...
  Cooldown 30s...
  Deploying network...
  Waiting 45s for nodes to start...
  Network deployed with 60 pods
  Deploying scenario commander...
  Waiting for scenario completion (up to 2620s)...
    Found commander pod: commander-partitionminerwithpools-1772084756
    Pod status: Failed after 20s
  Warning: Scenario may not have completed properly
  Extracting results...
  Warning: Results extraction failed: 
  OK (126s) - ETA: 2:36:42
[5/10] Running sweep_0004...
  Injecting sweep config...
  Injecting network metadata...
  Stopping previous network...
  Cooldown 30s...
  Deploying network...
  Waiting 45s for nodes to start...
  Network deployed with 60 pods
  Deploying scenario commander...
  Waiting for scenario completion (up to 2620s)...
    Found commander pod: commander-partitionminerwithpools-1772084881
    Pod status: Failed after 69s
  Warning: Scenario may not have completed properly
  Extracting results...
  Warning: Results extraction failed: 
  OK (175s) - ETA: 1:47:23
[6/10] Running sweep_0005...
  Injecting sweep config...
  Injecting network metadata...
  Stopping previous network...
  Cooldown 30s...
  Deploying network...
  Waiting 45s for nodes to start...
  Network deployed with 60 pods
  Deploying scenario commander...
  Waiting for scenario completion (up to 2620s)...
    Found commander pod: commander-partitionminerwithpools-1772085053
    Pod status: Failed after 41s
  Warning: Scenario may not have completed properly
  Extracting results...
  Warning: Results extraction failed: 
  OK (143s) - ETA: 1:13:10
[7/10] Running sweep_0006...
  Injecting sweep config...
  Injecting network metadata...
  Stopping previous network...
  Cooldown 30s...
  Deploying network...
  Waiting 45s for nodes to start...
  Network deployed with 60 pods
  Deploying scenario commander...
  Waiting for scenario completion (up to 2620s)...
    Found commander pod: commander-partitionminerwithpools-1772085203
    Pod status: Failed after 31s
  Warning: Scenario may not have completed properly
  Extracting results...
  Warning: Results extraction failed: 
  OK (172s) - ETA: 0:48:16
[8/10] Running sweep_0007...
  Injecting sweep config...
  Injecting network metadata...
  Stopping previous network...
  Cooldown 30s...
  Deploying network...
  Waiting 45s for nodes to start...
  Network deployed with 60 pods
  Deploying scenario commander...
  Waiting for scenario completion (up to 2620s)...
    Found commander pod: commander-partitionminerwithpools-1772085373
    Pod status: Failed after 31s
  Warning: Scenario may not have completed properly
  Extracting results...
  Warning: Results extraction failed: 
  OK (141s) - ETA: 0:28:44
[9/10] Running sweep_0008...
  Injecting sweep config...
  Injecting network metadata...
  Stopping previous network...
  Cooldown 30s...
  Deploying network...
  Waiting 45s for nodes to start...
  Network deployed with 60 pods
  Deploying scenario commander...
  Waiting for scenario completion (up to 2620s)...
    Found commander pod: commander-partitionminerwithpools-1772085509
    Pod status: Failed after 20s
  Warning: Scenario may not have completed properly
  Extracting results...
  Warning: Results extraction failed: 
  OK (132s) - ETA: 0:13:01
[10/10] Running sweep_0009...
  Injecting sweep config...
  Injecting network metadata...
  Stopping previous network...
  Cooldown 30s...
  Deploying network...
  Waiting 45s for nodes to start...
  Network deployed with 60 pods
  Deploying scenario commander...
  Waiting for scenario completion (up to 2620s)...
    Found commander pod: commander-partitionminerwithpools-1772085642
    Pod status: Failed after 64s
  Warning: Scenario may not have completed properly
  Extracting results...
  Warning: Results extraction failed: 
  OK (181s) - ETA: 0:00:00

============================================================
Final cleanup - ensuring cluster is clean...
============================================================
  Force cleaning cluster...
  Cluster is clean

============================================================
Sweep Complete!
============================================================
Completed: 10
Failed: 0
Total time: 2:00:22
Results saved to: exploratory_sweep/results

Next step: python 4_analyze_results.py --input exploratory_sweep/results
