
============================================================
Parameter Sweep Runner
============================================================
Total scenarios: 5
Already completed: 0
Pending: 5
Duration per scenario: 4000s (67 min)
Startup wait: 45s
Estimated total time: 5.6 hours
Results directory: econ_switching_144_verify/results
Namespace: sweep-econ-verify
Auto-restart: after 3 consecutive failures

Starting sweep at 2026-03-14T07:02:39.895847...
------------------------------------------------------------
Initial cleanup - stopping any running networks...
  Cooldown 30s...
[1/5] Running sweep_0000...
  Injecting sweep config...
  Injecting network metadata...
  Stopping previous network...
  Cooldown 30s...
  Deploying network...
  Waiting 45s for nodes to start...
  Network deployed with 25 pods
  Deploying scenario commander...
  Waiting for scenario completion (up to 4120s)...
    Found commander pod: commander-partitionminerwithpools-1773486280
    Still waiting... (900s elapsed, pod: Running)
    Pod status: Succeeded after 4033s
  Extracting results...
  Results extracted successfully
  OK (4125s) - ETA: 4:35:00
[2/5] Running sweep_0001...
  Injecting sweep config...
  Injecting network metadata...
  Stopping previous network...
  Cooldown 30s...
  Deploying network...
  Waiting 45s for nodes to start...
  Network deployed with 25 pods
  Deploying scenario commander...
  Waiting for scenario completion (up to 4120s)...
    Found commander pod: commander-partitionminerwithpools-1773490416
    Still waiting... (1260s elapsed, pod: Running)
    Still waiting... (3240s elapsed, pod: Running)
    Still waiting... (3780s elapsed, pod: Running)
    Pod status: Succeeded after 4014s
  Extracting results...
  Results extracted successfully
  OK (4119s) - ETA: 3:26:05
[3/5] Running sweep_0002...
  Injecting sweep config...
  Injecting network metadata...
  Stopping previous network...
  Cooldown 30s...
  Deploying network...
  Waiting 45s for nodes to start...
  Network deployed with 25 pods
  Deploying scenario commander...
  Waiting for scenario completion (up to 4120s)...
    Found commander pod: commander-partitionminerwithpools-1773494531
    Still waiting... (1620s elapsed, pod: Running)
    Still waiting... (2250s elapsed, pod: Running)
    Still waiting... (3420s elapsed, pod: Running)
    Pod status: Succeeded after 4010s
  Extracting results...
  Results extracted successfully
  OK (4110s) - ETA: 2:17:16
[4/5] Running sweep_0003...
  Injecting sweep config...
  Injecting network metadata...
  Stopping previous network...
  Cooldown 30s...
  Deploying network...
  Waiting 45s for nodes to start...
  Network deployed with 25 pods
  Deploying scenario commander...
  Waiting for scenario completion (up to 4120s)...
    Found commander pod: commander-partitionminerwithpools-1773498642
    Still waiting... (900s elapsed, pod: Running)
    Still waiting... (1620s elapsed, pod: Running)
    Still waiting... (2250s elapsed, pod: Running)
    Still waiting... (2880s elapsed, pod: Running)
    Still waiting... (3420s elapsed, pod: Running)
    Pod status: Succeeded after 4010s
  Extracting results...
  Results extracted successfully
  OK (4111s) - ETA: 1:08:36
[5/5] Running sweep_0004...
  Injecting sweep config...
  Injecting network metadata...
  Stopping previous network...
  Cooldown 30s...
  Deploying network...
  Waiting 45s for nodes to start...
  Network deployed with 25 pods
  Deploying scenario commander...
  Waiting for scenario completion (up to 4120s)...
    Found commander pod: commander-partitionminerwithpools-1773502754
    Still waiting... (900s elapsed, pod: Running)
    Still waiting... (1620s elapsed, pod: Running)
    Still waiting... (2250s elapsed, pod: Running)
    Still waiting... (3510s elapsed, pod: Running)
    Pod status: Succeeded after 4008s
  Extracting results...
  Results extracted successfully
  OK (4111s) - ETA: 0:00:00

============================================================
Final cleanup - ensuring cluster is clean...
============================================================
  Force cleaning cluster...
  Cluster is clean

============================================================
Sweep Complete!
============================================================
Completed: 5
Failed: 0
Total time: 5:43:09
Results saved to: econ_switching_144_verify/results

Next step: python 4_analyze_results.py --input econ_switching_144_verify/results
