Including: ln_framework
Including: commander.py
Including: __init__.py
Including: partition_miner_with_pools.py
Including: test_framework
Including: ln_framework/ln.py
Including: ln_framework/__init__.py
Including: research/ln_framework
Including: research/commander.py
Including: research/test_framework
Including: research/ln_framework/ln.py
Including: research/ln_framework/__init__.py
Including: research/scenarios/__init__.py
Including: research/scenarios/partition_miner_with_pools.py
Including: research/lib/fee_oracle.py
Including: research/lib/__init__.py
Including: research/lib/price_oracle.py
Including: research/lib/mining_pool_strategy.py
Including: research/test_framework/test_shell.py
Including: research/test_framework/coverage.py
Including: research/test_framework/segwit_addr.py
Including: research/test_framework/messages.py
Including: research/test_framework/descriptors.py
Including: research/test_framework/test_node.py
Including: research/test_framework/address.py
Including: research/test_framework/socks5.py
Including: research/test_framework/blockfilter.py
Including: research/test_framework/__init__.py
Including: research/test_framework/compressor.py
Including: research/test_framework/test_framework.py
Including: research/test_framework/script.py
Including: research/test_framework/blocktools.py
Including: research/test_framework/p2p.py
Including: research/test_framework/mempool_util.py
Including: research/test_framework/authproxy.py
Including: research/test_framework/netutil.py
Including: research/test_framework/key.py
Including: research/test_framework/wallet_util.py
Including: research/test_framework/crypto
Including: research/test_framework/util.py
Including: research/test_framework/psbt.py
Including: research/test_framework/wallet.py
Including: research/test_framework/script_util.py
Including: research/test_framework/v2_p2p.py
Including: research/test_framework/crypto/bip324_cipher.py
Including: research/test_framework/crypto/poly1305.py
Including: research/test_framework/crypto/siphash.py
Including: research/test_framework/crypto/muhash.py
Including: research/test_framework/crypto/ellswift.py
Including: research/test_framework/crypto/chacha20.py
Including: research/test_framework/crypto/ripemd160.py
Including: research/test_framework/crypto/hkdf.py
Including: research/test_framework/crypto/secp256k1.py
Including: research/config/fee_model_config.yaml
Including: research/config/price_model_config.yaml
Including: research/config/__init__.py
Including: research/config/mining_pools_config.yaml
Including: lib/difficulty_oracle.py
Including: lib/fee_oracle.py
Including: lib/reorg_oracle.py
Including: lib/__init__.py
Including: lib/__pycache__
Including: lib/price_oracle.py
Including: lib/economic_node_strategy.py
Including: lib/mining_pool_strategy.py
Including: test_framework/test_shell.py
Including: test_framework/coverage.py
Including: test_framework/segwit_addr.py
Including: test_framework/messages.py
Including: test_framework/descriptors.py
Including: test_framework/test_node.py
Including: test_framework/address.py
Including: test_framework/socks5.py
Including: test_framework/blockfilter.py
Including: test_framework/__init__.py
Including: test_framework/compressor.py
Including: test_framework/test_framework.py
Including: test_framework/script.py
Including: test_framework/blocktools.py
Including: test_framework/p2p.py
Including: test_framework/mempool_util.py
Including: test_framework/authproxy.py
Including: test_framework/netutil.py
Including: test_framework/key.py
Including: test_framework/wallet_util.py
Including: test_framework/crypto
Including: test_framework/util.py
Including: test_framework/psbt.py
Including: test_framework/wallet.py
Including: test_framework/script_util.py
Including: test_framework/v2_p2p.py
Including: test_framework/crypto/bip324_cipher.py
Including: test_framework/crypto/poly1305.py
Including: test_framework/crypto/siphash.py
Including: test_framework/crypto/muhash.py
Including: test_framework/crypto/ellswift.py
Including: test_framework/crypto/chacha20.py
Including: test_framework/crypto/ripemd160.py
Including: test_framework/crypto/hkdf.py
Including: test_framework/crypto/secp256k1.py
Including: config/fee_model_config.yaml
Including: config/network_metadata.yaml
Including: config/price_model_config.yaml
Including: config/__init__.py
Including: config/mining_pools_config.yaml
Including: config/economic_nodes_config.yaml
Including: config/.inject.lock
Successfully deployed scenario commander: partition_miner_with_pools
Commander pod name: commander-partitionminerwithpools-1773699065
Timeout waiting for initContainer in commander-partitionminerwithpools-1773699065 (cthr2016-0) to be ready.
Failed to copy data to commander-partitionminerwithpools-1773699065(init):/shared/archive.pyz:
(0)
Reason: Handshake status 400 Bad Request -+-+- {'audit-id': '08e66a73-4ca8-4384-a9fb-5f81c5b5cebb', 'cache-control': 'no-cache, private', 'content-type': 'application/json', 'date': 'Mon, 16 Mar 2026 22:16:05 GMT', 'content-length': '193'} -+-+- b'{"kind":"Status","apiVersion":"v1","metadata":{},"status":"Failure","message":"pod commander-partitionminerwithpools-1773699065 does not have a host assigned","reason":"BadRequest","code":400}\n'

# Scenario: sweep_0000
# Started: 2026-03-16T18:11:04.552643
# Command: warnet run /home/pfoytik/bitcoin/warnetScenarioDiscovery/scenarios/partition_miner_with_pools.py --namespace cthr2016-0 --pool-scenario=sweep_0000 --economic-scenario=sweep_0000 --enable-difficulty --enable-reorg-metrics --retarget-interval=2016 --duration=13000 --interval=2 --results-id=sweep_0000 --snapshot-interval=60

