
============================================================
Parameter Sweep Runner
============================================================
Total scenarios: 3
Already completed: 0
Pending: 3
Duration per scenario: 4000s (67 min)
Startup wait: 45s
Estimated total time: 3.4 hours
Results directory: switching_neutral_fraction/results
Namespace: sweep-neutral-frac
Auto-restart: after 3 consecutive failures

Starting sweep at 2026-03-12T21:00:23.758181...
------------------------------------------------------------
Initial cleanup - stopping any running networks...
  Cooldown 30s...
[1/3] Running sweep_0000...
  Injecting sweep config...
  Injecting network metadata...
  Stopping previous network...
  Cooldown 30s...
  Deploying network...
  Waiting 45s for nodes to start...
  Network deployed with 25 pods
  Deploying scenario commander...
  Waiting for scenario completion (up to 4120s)...
    Found commander pod: commander-partitionminerwithpools-1773363742
    Still waiting... (810s elapsed, pod: Running)
    Still waiting... (1440s elapsed, pod: Running)
    Still waiting... (2070s elapsed, pod: Running)
    Pod status: Succeeded after 4005s
  Extracting results...
  Results extracted successfully
  OK (4097s) - ETA: 2:16:34
[2/3] Running sweep_0001...
  Injecting sweep config...
  Injecting network metadata...
  Stopping previous network...
  Cooldown 30s...
  Deploying network...
  Waiting 45s for nodes to start...
  Network deployed with 25 pods
  Deploying scenario commander...
  Waiting for scenario completion (up to 4120s)...
    Found commander pod: commander-partitionminerwithpools-1773367850
    Still waiting... (810s elapsed, pod: Running)
    Still waiting... (1440s elapsed, pod: Running)
    Still waiting... (2070s elapsed, pod: Running)
    Still waiting... (2610s elapsed, pod: Running)
    Still waiting... (3690s elapsed, pod: Running)
    Pod status: Succeeded after 4006s
  Extracting results...
  Results extracted successfully
  OK (4108s) - ETA: 1:08:22
[3/3] Running sweep_0002...
  Injecting sweep config...
  Injecting network metadata...
  Stopping previous network...
  Cooldown 30s...
  Deploying network...
  Waiting 45s for nodes to start...
  Network deployed with 25 pods
  Deploying scenario commander...
  Waiting for scenario completion (up to 4120s)...
    Found commander pod: commander-partitionminerwithpools-1773371958
    Still waiting... (810s elapsed, pod: Running)
    Still waiting... (1440s elapsed, pod: Running)
    Still waiting... (3060s elapsed, pod: Running)
    Pod status: Succeeded after 4009s
  Extracting results...
  Results extracted successfully
  OK (4112s) - ETA: 0:00:00

============================================================
Final cleanup - ensuring cluster is clean...
============================================================
  Force cleaning cluster...
  Cluster is clean

============================================================
Sweep Complete!
============================================================
Completed: 3
Failed: 0
Total time: 3:25:31
Results saved to: switching_neutral_fraction/results

Next step: python 4_analyze_results.py --input switching_neutral_fraction/results
