
============================================================
Parameter Sweep Runner
============================================================
Total scenarios: 50
Already completed: 0
Pending: 50
Duration per scenario: 2500s (42 min)
Startup wait: 45s
Estimated total time: 35.5 hours
Results directory: exploratory_sweep_lite/results
Auto-restart: after 3 consecutive failures

Starting sweep at 2026-02-26T08:29:42.417050...
------------------------------------------------------------
Initial cleanup - stopping any running networks...
  Cooldown 30s...
[1/50] Running sweep_0000...
  Injecting sweep config...
  Injecting network metadata...
  Stopping previous network...
  Cooldown 30s...
  Deploying network...
  Waiting 45s for nodes to start...
  Network deployed with 25 pods
  Deploying scenario commander...
  Waiting for scenario completion (up to 2620s)...
    Found commander pod: commander-partitionminerwithpools-1772112705
    Still waiting... (1260s elapsed, pod: Running)
    Pod status: Succeeded after 2523s
  Extracting results...
  Results extracted successfully
  OK (2619s) - ETA: 1 day, 11:38:40
[2/50] Running sweep_0001...
  Injecting sweep config...
  Injecting network metadata...
  Stopping previous network...
  Cooldown 30s...
  Deploying network...
  Waiting 45s for nodes to start...
  Network deployed with 25 pods
  Deploying scenario commander...
  Waiting for scenario completion (up to 2620s)...
    Found commander pod: commander-partitionminerwithpools-1772115320
    Still waiting... (450s elapsed, pod: Running)
    Still waiting... (900s elapsed, pod: Running)
    Still waiting... (1710s elapsed, pod: Running)
    Pod status: Succeeded after 2510s
  Extracting results...
  Results extracted successfully
  OK (2601s) - ETA: 1 day, 10:48:00
[3/50] Running sweep_0002...
  Injecting sweep config...
  Injecting network metadata...
  Stopping previous network...
  Cooldown 30s...
  Deploying network...
  Waiting 45s for nodes to start...
  Network deployed with 25 pods
  Deploying scenario commander...
  Waiting for scenario completion (up to 2620s)...
    Found commander pod: commander-partitionminerwithpools-1772117922
    Still waiting... (900s elapsed, pod: Running)
    Still waiting... (1350s elapsed, pod: Running)
    Pod status: Succeeded after 2509s
  Extracting results...
  Results extracted successfully
  OK (2600s) - ETA: 1 day, 10:01:55
[4/50] Running sweep_0003...
  Injecting sweep config...
  Injecting network metadata...
  Stopping previous network...
  Cooldown 30s...
  Deploying network...
  Waiting 45s for nodes to start...
  Network deployed with 25 pods
  Deploying scenario commander...
  Waiting for scenario completion (up to 2620s)...
    Found commander pod: commander-partitionminerwithpools-1772120522
    Still waiting... (450s elapsed, pod: Running)
    Still waiting... (2070s elapsed, pod: Running)
    Still waiting... (2430s elapsed, pod: Running)
    Pod status: Succeeded after 2512s
  Extracting results...
  Results extracted successfully
  OK (2602s) - ETA: 1 day, 9:17:37
[5/50] Running sweep_0004...
  Injecting sweep config...
  Injecting network metadata...
  Stopping previous network...
  Cooldown 30s...
  Deploying network...
  Waiting 45s for nodes to start...
  Network deployed with 25 pods
  Deploying scenario commander...
  Waiting for scenario completion (up to 2620s)...
    Found commander pod: commander-partitionminerwithpools-1772123124
    Still waiting... (450s elapsed, pod: Running)
    Still waiting... (900s elapsed, pod: Running)
    Still waiting... (1710s elapsed, pod: Running)
    Still waiting... (2070s elapsed, pod: Running)
    Pod status: Succeeded after 2511s
  Extracting results...
  Results extracted successfully
  OK (2602s) - ETA: 1 day, 8:33:41
[6/50] Running sweep_0005...
  Injecting sweep config...
  Injecting network metadata...
  Stopping previous network...
  Cooldown 30s...
  Deploying network...
  Waiting 45s for nodes to start...
  Network deployed with 25 pods
  Deploying scenario commander...
  Waiting for scenario completion (up to 2620s)...
    Found commander pod: commander-partitionminerwithpools-1772125727
    Still waiting... (900s elapsed, pod: Running)
    Still waiting... (1350s elapsed, pod: Running)
    Pod status: Succeeded after 2510s
  Extracting results...
  Results extracted successfully
  OK (2602s) - ETA: 1 day, 7:49:54
[7/50] Running sweep_0006...
  Injecting sweep config...
  Injecting network metadata...
  Stopping previous network...
  Cooldown 30s...
  Deploying network...
  Waiting 45s for nodes to start...
  Network deployed with 25 pods
  Deploying scenario commander...
  Waiting for scenario completion (up to 2620s)...
    Found commander pod: commander-partitionminerwithpools-1772128329
    Still waiting... (450s elapsed, pod: Running)
    Still waiting... (1260s elapsed, pod: Running)
    Still waiting... (2070s elapsed, pod: Running)
    Still waiting... (2430s elapsed, pod: Running)
    Pod status: Succeeded after 2512s
  Extracting results...
  Results extracted successfully
  OK (2604s) - ETA: 1 day, 7:06:26
[8/50] Running sweep_0007...
  Injecting sweep config...
  Injecting network metadata...
  Stopping previous network...
  Cooldown 30s...
  Deploying network...
  Waiting 45s for nodes to start...
  Network deployed with 25 pods
  Deploying scenario commander...
  Waiting for scenario completion (up to 2620s)...
    Found commander pod: commander-partitionminerwithpools-1772130932
    Still waiting... (1350s elapsed, pod: Running)
    Still waiting... (2160s elapsed, pod: Running)
    Pod status: Succeeded after 2510s
  Extracting results...
  Results extracted successfully
  OK (2601s) - ETA: 1 day, 6:22:41
[9/50] Running sweep_0008...
  Injecting sweep config...
  Injecting network metadata...
  Stopping previous network...
  Cooldown 30s...
  Deploying network...
  Waiting 45s for nodes to start...
  Network deployed with 25 pods
  Deploying scenario commander...
  Waiting for scenario completion (up to 2620s)...
    Found commander pod: commander-partitionminerwithpools-1772133533
    Still waiting... (1350s elapsed, pod: Running)
    Pod status: Succeeded after 2510s
  Extracting results...
  Results extracted successfully
  OK (2601s) - ETA: 1 day, 5:39:04
[10/50] Running sweep_0009...
  Injecting sweep config...
  Injecting network metadata...
  Stopping previous network...
  Cooldown 30s...
  Deploying network...
  Waiting 45s for nodes to start...
  Network deployed with 25 pods
  Deploying scenario commander...
  Waiting for scenario completion (up to 2620s)...
    Found commander pod: commander-partitionminerwithpools-1772136134
    Still waiting... (450s elapsed, pod: Running)
    Still waiting... (900s elapsed, pod: Running)
    Pod status: Succeeded after 2510s
  Extracting results...
  Results extracted successfully
  OK (2601s) - ETA: 1 day, 4:55:31
[11/50] Running sweep_0010...
  Injecting sweep config...
  Injecting network metadata...
  Stopping previous network...
  Cooldown 30s...
  Deploying network...
  Waiting 45s for nodes to start...
  Network deployed with 25 pods
  Deploying scenario commander...
  Waiting for scenario completion (up to 2620s)...
    Found commander pod: commander-partitionminerwithpools-1772138735
    Still waiting... (1350s elapsed, pod: Running)
    Still waiting... (2160s elapsed, pod: Running)
    Pod status: Succeeded after 2509s
  Extracting results...
  Results extracted successfully
  OK (2601s) - ETA: 1 day, 4:11:58
[12/50] Running sweep_0011...
  Injecting sweep config...
  Injecting network metadata...
  Stopping previous network...
  Cooldown 30s...
  Deploying network...
  Waiting 45s for nodes to start...
  Network deployed with 25 pods
  Deploying scenario commander...
  Waiting for scenario completion (up to 2620s)...
    Found commander pod: commander-partitionminerwithpools-1772141335
    Still waiting... (450s elapsed, pod: Running)
    Still waiting... (900s elapsed, pod: Running)
    Still waiting... (1710s elapsed, pod: Running)
    Still waiting... (2070s elapsed, pod: Running)
    Still waiting... (2430s elapsed, pod: Running)
    Pod status: Succeeded after 2511s
  Extracting results...
  Results extracted successfully
  OK (2602s) - ETA: 1 day, 3:28:33
[13/50] Running sweep_0012...
  Injecting sweep config...
  Injecting network metadata...
  Stopping previous network...
  Cooldown 30s...
  Deploying network...
  Waiting 45s for nodes to start...
  Network deployed with 25 pods
  Deploying scenario commander...
  Waiting for scenario completion (up to 2620s)...
    Found commander pod: commander-partitionminerwithpools-1772143938
    Still waiting... (450s elapsed, pod: Running)
    Still waiting... (1710s elapsed, pod: Running)
    Still waiting... (2070s elapsed, pod: Running)
    Pod status: Succeeded after 2511s
  Extracting results...
  Results extracted successfully
  OK (2603s) - ETA: 1 day, 2:45:09
[14/50] Running sweep_0013...
  Injecting sweep config...
  Injecting network metadata...
  Stopping previous network...
  Cooldown 30s...
  Deploying network...
  Waiting 45s for nodes to start...
  Network deployed with 25 pods
  Deploying scenario commander...
  Waiting for scenario completion (up to 2620s)...
    Found commander pod: commander-partitionminerwithpools-1772146542
    Still waiting... (450s elapsed, pod: Running)
    Still waiting... (1710s elapsed, pod: Running)
    Still waiting... (2070s elapsed, pod: Running)
    Pod status: Succeeded after 2511s
  Extracting results...
  Results extracted successfully
  OK (2603s) - ETA: 1 day, 2:01:45
[15/50] Running sweep_0014...
  Injecting sweep config...
  Injecting network metadata...
  Stopping previous network...
  Cooldown 30s...
  Deploying network...
  Waiting 45s for nodes to start...
  Network deployed with 25 pods
  Deploying scenario commander...
  Waiting for scenario completion (up to 2620s)...
    Found commander pod: commander-partitionminerwithpools-1772149143
    Still waiting... (450s elapsed, pod: Running)
    Still waiting... (900s elapsed, pod: Running)
    Still waiting... (1710s elapsed, pod: Running)
    Pod status: Succeeded after 2512s
  Extracting results...
  Results extracted successfully
  OK (2603s) - ETA: 1 day, 1:18:24
[16/50] Running sweep_0015...
  Injecting sweep config...
  Injecting network metadata...
  Stopping previous network...
  Cooldown 30s...
  Deploying network...
  Waiting 45s for nodes to start...
  Network deployed with 25 pods
  Deploying scenario commander...
  Waiting for scenario completion (up to 2620s)...
    Found commander pod: commander-partitionminerwithpools-1772151750
    Still waiting... (1800s elapsed, pod: Running)
    Pod status: Succeeded after 2511s
  Extracting results...
  Results extracted successfully
  OK (2606s) - ETA: 1 day, 0:35:08
[17/50] Running sweep_0016...
  Injecting sweep config...
  Injecting network metadata...
  Stopping previous network...
  Cooldown 30s...
  Deploying network...
  Waiting 45s for nodes to start...
  Network deployed with 25 pods
  Deploying scenario commander...
  Waiting for scenario completion (up to 2620s)...
    Found commander pod: commander-partitionminerwithpools-1772154354
    Still waiting... (810s elapsed, pod: Running)
    Still waiting... (1170s elapsed, pod: Running)
    Still waiting... (1530s elapsed, pod: Running)
    Pod status: Succeeded after 2510s
  Extracting results...
  Results extracted successfully
  OK (2602s) - ETA: 23:51:42
[18/50] Running sweep_0017...
  Injecting sweep config...
  Injecting network metadata...
  Stopping previous network...
  Cooldown 30s...
  Deploying network...
  Waiting 45s for nodes to start...
  Network deployed with 25 pods
  Deploying scenario commander...
  Waiting for scenario completion (up to 2620s)...
    Found commander pod: commander-partitionminerwithpools-1772156960
    Still waiting... (720s elapsed, pod: Running)
    Still waiting... (2160s elapsed, pod: Running)
    Pod status: Succeeded after 2510s
  Extracting results...
  Results extracted successfully
  OK (2610s) - ETA: 23:08:31
[19/50] Running sweep_0018...
  Injecting sweep config...
  Injecting network metadata...
  Stopping previous network...
  Cooldown 30s...
  Deploying network...
  Waiting 45s for nodes to start...
  Network deployed with 25 pods
  Deploying scenario commander...
  Waiting for scenario completion (up to 2620s)...
    Found commander pod: commander-partitionminerwithpools-1772159565
    Still waiting... (450s elapsed, pod: Running)
    Still waiting... (900s elapsed, pod: Running)
    Still waiting... (1710s elapsed, pod: Running)
    Pod status: Succeeded after 2510s
  Extracting results...
  Results extracted successfully
  OK (2602s) - ETA: 22:25:04
[20/50] Running sweep_0019...
  Injecting sweep config...
  Injecting network metadata...
  Stopping previous network...
  Cooldown 30s...
  Deploying network...
  Waiting 45s for nodes to start...
  Network deployed with 25 pods
  Deploying scenario commander...
  Waiting for scenario completion (up to 2620s)...
    Found commander pod: commander-partitionminerwithpools-1772162165
    Still waiting... (900s elapsed, pod: Running)
    Pod status: Succeeded after 2510s
  Extracting results...
  Results extracted successfully
  OK (2601s) - ETA: 21:41:37
[21/50] Running sweep_0020...
  Injecting sweep config...
  Injecting network metadata...
  Stopping previous network...
  Cooldown 30s...
  Deploying network...
  Waiting 45s for nodes to start...
  Network deployed with 25 pods
  Deploying scenario commander...
  Waiting for scenario completion (up to 2620s)...
    Found commander pod: commander-partitionminerwithpools-1772164767
    Still waiting... (1350s elapsed, pod: Running)
    Still waiting... (1710s elapsed, pod: Running)
    Pod status: Succeeded after 2511s
  Extracting results...
  Results extracted successfully
  OK (2602s) - ETA: 20:58:13
[22/50] Running sweep_0021...
  Injecting sweep config...
  Injecting network metadata...
  Stopping previous network...
  Cooldown 30s...
  Deploying network...
  Waiting 45s for nodes to start...
  Network deployed with 25 pods
  Deploying scenario commander...
  Waiting for scenario completion (up to 2620s)...
    Found commander pod: commander-partitionminerwithpools-1772167370
    Still waiting... (450s elapsed, pod: Running)
    Still waiting... (900s elapsed, pod: Running)
    Still waiting... (2070s elapsed, pod: Running)
    Pod status: Succeeded after 2511s
  Extracting results...
  Results extracted successfully
  OK (2603s) - ETA: 20:14:50
[23/50] Running sweep_0022...
  Injecting sweep config...
  Injecting network metadata...
  Stopping previous network...
  Cooldown 30s...
  Deploying network...
  Waiting 45s for nodes to start...
  Network deployed with 25 pods
  Deploying scenario commander...
  Waiting for scenario completion (up to 2620s)...
    Found commander pod: commander-partitionminerwithpools-1772169972
    Still waiting... (450s elapsed, pod: Running)
    Still waiting... (1260s elapsed, pod: Running)
    Still waiting... (2070s elapsed, pod: Running)
    Pod status: Succeeded after 2511s
  Extracting results...
  Results extracted successfully
  OK (2602s) - ETA: 19:31:25
[24/50] Running sweep_0023...
  Injecting sweep config...
  Injecting network metadata...
  Stopping previous network...
  Cooldown 30s...
  Deploying network...
  Waiting 45s for nodes to start...
  Network deployed with 25 pods
  Deploying scenario commander...
  Waiting for scenario completion (up to 2620s)...
    Found commander pod: commander-partitionminerwithpools-1772172574
    Still waiting... (450s elapsed, pod: Running)
    Still waiting... (900s elapsed, pod: Running)
    Still waiting... (1260s elapsed, pod: Running)
    Still waiting... (1620s elapsed, pod: Running)
    Pod status: Succeeded after 2513s
  Extracting results...
  Results extracted successfully
  OK (2604s) - ETA: 18:48:02
[25/50] Running sweep_0024...
  Injecting sweep config...
  Injecting network metadata...
  Stopping previous network...
  Cooldown 30s...
  Deploying network...
  Waiting 45s for nodes to start...
  Network deployed with 25 pods
  Deploying scenario commander...
  Waiting for scenario completion (up to 2620s)...
    Found commander pod: commander-partitionminerwithpools-1772175178
    Still waiting... (450s elapsed, pod: Running)
    Still waiting... (1260s elapsed, pod: Running)
    Pod status: Succeeded after 2513s
  Extracting results...
  Results extracted successfully
  OK (2604s) - ETA: 18:04:41
[26/50] Running sweep_0025...
  Injecting sweep config...
  Injecting network metadata...
  Stopping previous network...
  Cooldown 30s...
  Deploying network...
  Waiting 45s for nodes to start...
  Network deployed with 25 pods
  Deploying scenario commander...
  Waiting for scenario completion (up to 2620s)...
    Found commander pod: commander-partitionminerwithpools-1772177782
    Still waiting... (450s elapsed, pod: Running)
    Still waiting... (900s elapsed, pod: Running)
    Still waiting... (1260s elapsed, pod: Running)
    Still waiting... (1620s elapsed, pod: Running)
    Still waiting... (1980s elapsed, pod: Running)
    Still waiting... (2340s elapsed, pod: Running)
  Scenario completed (found export marker) after 2505s
  Extracting results...
  Results extracted successfully
  OK (2596s) - ETA: 17:21:11
[27/50] Running sweep_0026...
  Injecting sweep config...
  Injecting network metadata...
  Stopping previous network...
  Cooldown 30s...
  Deploying network...
  Waiting 45s for nodes to start...
  Network deployed with 25 pods
  Deploying scenario commander...
  Waiting for scenario completion (up to 2620s)...
    Found commander pod: commander-partitionminerwithpools-1772180379
    Still waiting... (450s elapsed, pod: Running)
    Still waiting... (900s elapsed, pod: Running)
    Still waiting... (2070s elapsed, pod: Running)
    Still waiting... (2430s elapsed, pod: Running)
    Pod status: Succeeded after 2512s
  Extracting results...
  Results extracted successfully
  OK (2603s) - ETA: 16:37:48
[28/50] Running sweep_0027...
  Injecting sweep config...
  Injecting network metadata...
  Stopping previous network...
  Cooldown 30s...
  Deploying network...
  Waiting 45s for nodes to start...
  Network deployed with 25 pods
  Deploying scenario commander...
  Waiting for scenario completion (up to 2620s)...
    Found commander pod: commander-partitionminerwithpools-1772182983
    Still waiting... (450s elapsed, pod: Running)
    Still waiting... (900s elapsed, pod: Running)
    Still waiting... (1710s elapsed, pod: Running)
    Still waiting... (2070s elapsed, pod: Running)
    Pod status: Succeeded after 2511s
  Extracting results...
  Results extracted successfully
  OK (2602s) - ETA: 15:54:25
[29/50] Running sweep_0028...
  Injecting sweep config...
  Injecting network metadata...
  Stopping previous network...
  Cooldown 30s...
  Deploying network...
  Waiting 45s for nodes to start...
  Network deployed with 25 pods
  Deploying scenario commander...
  Waiting for scenario completion (up to 2620s)...
    Found commander pod: commander-partitionminerwithpools-1772185585
    Still waiting... (450s elapsed, pod: Running)
    Still waiting... (1260s elapsed, pod: Running)
    Pod status: Succeeded after 2513s
  Extracting results...
  Results extracted successfully
  OK (2604s) - ETA: 15:11:03
[30/50] Running sweep_0029...
  Injecting sweep config...
  Injecting network metadata...
  Stopping previous network...
  Cooldown 30s...
  Deploying network...
  Waiting 45s for nodes to start...
  Network deployed with 25 pods
  Deploying scenario commander...
  Waiting for scenario completion (up to 2620s)...
    Found commander pod: commander-partitionminerwithpools-1772188190
    Still waiting... (810s elapsed, pod: Running)
    Still waiting... (1170s elapsed, pod: Running)
    Still waiting... (2160s elapsed, pod: Running)
    Pod status: Succeeded after 2510s
  Extracting results...
  Results extracted successfully
  OK (2603s) - ETA: 14:27:40
[31/50] Running sweep_0030...
  Injecting sweep config...
  Injecting network metadata...
  Stopping previous network...
  Cooldown 30s...
  Deploying network...
  Waiting 45s for nodes to start...
  Network deployed with 25 pods
  Deploying scenario commander...
  Waiting for scenario completion (up to 2620s)...
    Found commander pod: commander-partitionminerwithpools-1772190794
    Still waiting... (810s elapsed, pod: Running)
    Still waiting... (1530s elapsed, pod: Running)
    Still waiting... (2160s elapsed, pod: Running)
    Pod status: Succeeded after 2512s
  Extracting results...
  Results extracted successfully
  OK (2605s) - ETA: 13:44:18
[32/50] Running sweep_0031...
  Injecting sweep config...
  Injecting network metadata...
  Stopping previous network...
  Cooldown 30s...
  Deploying network...
  Waiting 45s for nodes to start...
  Network deployed with 25 pods
  Deploying scenario commander...
  Waiting for scenario completion (up to 2620s)...
    Found commander pod: commander-partitionminerwithpools-1772193462
    Pod status: Succeeded after 2508s
  Extracting results...
  Results extracted successfully
  OK (2665s) - ETA: 13:01:29
[33/50] Running sweep_0032...
  Injecting sweep config...
  Injecting network metadata...
  Stopping previous network...
  Cooldown 30s...
  Deploying network...
  Waiting 45s for nodes to start...
  Network deployed with 25 pods
  Deploying scenario commander...
  Waiting for scenario completion (up to 2620s)...
    Found commander pod: commander-partitionminerwithpools-1772196065
    Still waiting... (1170s elapsed, pod: Running)
    Still waiting... (1890s elapsed, pod: Running)
    Still waiting... (2250s elapsed, pod: Running)
  Scenario completed (found export marker) after 2508s
  Extracting results...
  Results extracted successfully
  OK (2603s) - ETA: 12:18:03
[34/50] Running sweep_0033...
  Injecting sweep config...
  Injecting network metadata...
  Stopping previous network...
  Cooldown 30s...
  Deploying network...
  Waiting 45s for nodes to start...
  Network deployed with 25 pods
  Deploying scenario commander...
  Waiting for scenario completion (up to 2620s)...
    Found commander pod: commander-partitionminerwithpools-1772198664
    Still waiting... (450s elapsed, pod: Running)
    Still waiting... (1710s elapsed, pod: Running)
    Pod status: Succeeded after 2511s
  Extracting results...
  Results extracted successfully
  OK (2602s) - ETA: 11:34:37
[35/50] Running sweep_0034...
  Injecting sweep config...
  Injecting network metadata...
  Stopping previous network...
  Cooldown 30s...
  Deploying network...
  Waiting 45s for nodes to start...
  Network deployed with 25 pods
  Deploying scenario commander...
  Waiting for scenario completion (up to 2620s)...
    Found commander pod: commander-partitionminerwithpools-1772201266
    Still waiting... (450s elapsed, pod: Running)
    Still waiting... (900s elapsed, pod: Running)
    Still waiting... (1710s elapsed, pod: Running)
    Still waiting... (2160s elapsed, pod: Running)
    Pod status: Succeeded after 2509s
  Extracting results...
  Results extracted successfully
  OK (2600s) - ETA: 10:51:10
[36/50] Running sweep_0035...
  Injecting sweep config...
  Injecting network metadata...
  Stopping previous network...
  Cooldown 30s...
  Deploying network...
  Waiting 45s for nodes to start...
  Network deployed with 25 pods
  Deploying scenario commander...
  Waiting for scenario completion (up to 2620s)...
    Found commander pod: commander-partitionminerwithpools-1772203866
    Still waiting... (1350s elapsed, pod: Running)
    Pod status: Succeeded after 2510s
  Extracting results...
  Results extracted successfully
  OK (2601s) - ETA: 10:07:44
[37/50] Running sweep_0036...
  Injecting sweep config...
  Injecting network metadata...
  Stopping previous network...
  Cooldown 30s...
  Deploying network...
  Waiting 45s for nodes to start...
  Network deployed with 25 pods
  Deploying scenario commander...
  Waiting for scenario completion (up to 2620s)...
    Found commander pod: commander-partitionminerwithpools-1772206467
    Still waiting... (900s elapsed, pod: Running)
    Still waiting... (1260s elapsed, pod: Running)
    Pod status: Succeeded after 2513s
  Extracting results...
  Results extracted successfully
  OK (2605s) - ETA: 9:24:19
[38/50] Running sweep_0037...
  Injecting sweep config...
  Injecting network metadata...
  Stopping previous network...
  Cooldown 30s...
  Deploying network...
  Waiting 45s for nodes to start...
  Network deployed with 25 pods
  Deploying scenario commander...
  Waiting for scenario completion (up to 2620s)...
    Found commander pod: commander-partitionminerwithpools-1772209071
    Still waiting... (900s elapsed, pod: Running)
    Still waiting... (1710s elapsed, pod: Running)
    Pod status: Succeeded after 2510s
  Extracting results...
  Results extracted successfully
  OK (2601s) - ETA: 8:40:53
[39/50] Running sweep_0038...
  Injecting sweep config...
  Injecting network metadata...
  Stopping previous network...
  Cooldown 30s...
  Deploying network...
  Waiting 45s for nodes to start...
  Network deployed with 25 pods
  Deploying scenario commander...
  Waiting for scenario completion (up to 2620s)...
    Found commander pod: commander-partitionminerwithpools-1772211672
    Still waiting... (450s elapsed, pod: Running)
    Still waiting... (900s elapsed, pod: Running)
    Still waiting... (1710s elapsed, pod: Running)
    Pod status: Succeeded after 2510s
  Extracting results...
  Results extracted successfully
  OK (2601s) - ETA: 7:57:28
[40/50] Running sweep_0039...
  Injecting sweep config...
  Injecting network metadata...
  Stopping previous network...
  Cooldown 30s...
  Deploying network...
  Waiting 45s for nodes to start...
  Network deployed with 25 pods
  Deploying scenario commander...
  Waiting for scenario completion (up to 2620s)...
    Found commander pod: commander-partitionminerwithpools-1772214274
    Still waiting... (1710s elapsed, pod: Running)
    Pod status: Succeeded after 2512s
  Extracting results...
  Results extracted successfully
  OK (2604s) - ETA: 7:14:03
[41/50] Running sweep_0040...
  Injecting sweep config...
  Injecting network metadata...
  Stopping previous network...
  Cooldown 30s...
  Deploying network...
  Waiting 45s for nodes to start...
  Network deployed with 25 pods
  Deploying scenario commander...
  Waiting for scenario completion (up to 2620s)...
    Found commander pod: commander-partitionminerwithpools-1772216876
    Still waiting... (900s elapsed, pod: Running)
    Still waiting... (1350s elapsed, pod: Running)
    Pod status: Succeeded after 2510s
  Extracting results...
  Results extracted successfully
  OK (2599s) - ETA: 6:30:38
[42/50] Running sweep_0041...
  Injecting sweep config...
  Injecting network metadata...
  Stopping previous network...
  Cooldown 30s...
  Deploying network...
  Waiting 45s for nodes to start...
  Network deployed with 25 pods
  Deploying scenario commander...
  Waiting for scenario completion (up to 2620s)...
    Found commander pod: commander-partitionminerwithpools-1772219476
    Still waiting... (810s elapsed, pod: Running)
    Still waiting... (1620s elapsed, pod: Running)
    Still waiting... (2430s elapsed, pod: Running)
    Pod status: Succeeded after 2512s
  Extracting results...
  Results extracted successfully
  OK (2603s) - ETA: 5:47:13
[43/50] Running sweep_0042...
  Injecting sweep config...
  Injecting network metadata...
  Stopping previous network...
  Cooldown 30s...
  Deploying network...
  Waiting 45s for nodes to start...
  Network deployed with 25 pods
  Deploying scenario commander...
  Waiting for scenario completion (up to 2620s)...
    Found commander pod: commander-partitionminerwithpools-1772222080
    Still waiting... (450s elapsed, pod: Running)
    Still waiting... (1710s elapsed, pod: Running)
    Still waiting... (2070s elapsed, pod: Running)
    Still waiting... (2430s elapsed, pod: Running)
    Pod status: Succeeded after 2512s
  Extracting results...
  Results extracted successfully
  OK (2604s) - ETA: 5:03:49
[44/50] Running sweep_0043...
  Injecting sweep config...
  Injecting network metadata...
  Stopping previous network...
  Cooldown 30s...
  Deploying network...
  Waiting 45s for nodes to start...
  Network deployed with 25 pods
  Deploying scenario commander...
  Waiting for scenario completion (up to 2620s)...
    Found commander pod: commander-partitionminerwithpools-1772224684
    Still waiting... (900s elapsed, pod: Running)
    Still waiting... (1350s elapsed, pod: Running)
    Still waiting... (1710s elapsed, pod: Running)
    Still waiting... (2070s elapsed, pod: Running)
    Still waiting... (2430s elapsed, pod: Running)
    Pod status: Succeeded after 2512s
  Extracting results...
  Results extracted successfully
  OK (2603s) - ETA: 4:20:25
[45/50] Running sweep_0044...
  Injecting sweep config...
  Injecting network metadata...
  Stopping previous network...
  Cooldown 30s...
  Deploying network...
  Waiting 45s for nodes to start...
  Network deployed with 25 pods
  Deploying scenario commander...
  Waiting for scenario completion (up to 2620s)...
    Found commander pod: commander-partitionminerwithpools-1772227288
    Still waiting... (450s elapsed, pod: Running)
    Still waiting... (2070s elapsed, pod: Running)
    Pod status: Succeeded after 2513s
  Extracting results...
  Results extracted successfully
  OK (2605s) - ETA: 3:37:01
[46/50] Running sweep_0045...
  Injecting sweep config...
  Injecting network metadata...
  Stopping previous network...
  Cooldown 30s...
  Deploying network...
  Waiting 45s for nodes to start...
  Network deployed with 25 pods
  Deploying scenario commander...
  Waiting for scenario completion (up to 2620s)...
    Found commander pod: commander-partitionminerwithpools-1772229891
    Still waiting... (1350s elapsed, pod: Running)
    Pod status: Succeeded after 2511s
  Extracting results...
  Results extracted successfully
  OK (2602s) - ETA: 2:53:36
[47/50] Running sweep_0046...
  Injecting sweep config...
  Injecting network metadata...
  Stopping previous network...
  Cooldown 30s...
  Deploying network...
  Waiting 45s for nodes to start...
  Network deployed with 25 pods
  Deploying scenario commander...
  Waiting for scenario completion (up to 2620s)...
    Found commander pod: commander-partitionminerwithpools-1772232494
    Still waiting... (450s elapsed, pod: Running)
    Still waiting... (1260s elapsed, pod: Running)
    Still waiting... (2430s elapsed, pod: Running)
    Pod status: Succeeded after 2512s
  Extracting results...
  Results extracted successfully
  OK (2604s) - ETA: 2:10:12
[48/50] Running sweep_0047...
  Injecting sweep config...
  Injecting network metadata...
  Stopping previous network...
  Cooldown 30s...
  Deploying network...
  Waiting 45s for nodes to start...
  Network deployed with 25 pods
  Deploying scenario commander...
  Waiting for scenario completion (up to 2620s)...
    Found commander pod: commander-partitionminerwithpools-1772235097
    Still waiting... (450s elapsed, pod: Running)
    Still waiting... (1710s elapsed, pod: Running)
    Still waiting... (2070s elapsed, pod: Running)
    Still waiting... (2430s elapsed, pod: Running)
    Pod status: Succeeded after 2513s
  Extracting results...
  Results extracted successfully
  OK (2603s) - ETA: 1:26:48
[49/50] Running sweep_0048...
  Injecting sweep config...
  Injecting network metadata...
  Stopping previous network...
  Cooldown 30s...
  Deploying network...
  Waiting 45s for nodes to start...
  Network deployed with 25 pods
  Deploying scenario commander...
  Waiting for scenario completion (up to 2620s)...
    Found commander pod: commander-partitionminerwithpools-1772237700
    Still waiting... (450s elapsed, pod: Running)
    Still waiting... (900s elapsed, pod: Running)
    Still waiting... (1710s elapsed, pod: Running)
    Still waiting... (2070s elapsed, pod: Running)
    Still waiting... (2430s elapsed, pod: Running)
    Pod status: Succeeded after 2513s
  Extracting results...
  Results extracted successfully
  OK (2604s) - ETA: 0:43:24
[50/50] Running sweep_0049...
  Injecting sweep config...
  Injecting network metadata...
  Stopping previous network...
  Cooldown 30s...
  Deploying network...
  Waiting 45s for nodes to start...
  Network deployed with 25 pods
  Deploying scenario commander...
  Waiting for scenario completion (up to 2620s)...
    Found commander pod: commander-partitionminerwithpools-1772240303
    Still waiting... (900s elapsed, pod: Running)
    Still waiting... (1350s elapsed, pod: Running)
    Pod status: Succeeded after 2510s
  Extracting results...
  Results extracted successfully
  OK (2600s) - ETA: 0:00:00

============================================================
Final cleanup - ensuring cluster is clean...
============================================================
  Force cleaning cluster...
  Cluster is clean

============================================================
Sweep Complete!
============================================================
Completed: 50
Failed: 0
Total time: 1 day, 12:10:10
Results saved to: exploratory_sweep_lite/results

Next step: python 4_analyze_results.py --input exploratory_sweep_lite/results
