
============================================================
Parameter Sweep Runner
============================================================
Total scenarios: 4
Already completed: 0
Pending: 4
Duration per scenario: 4000s (67 min)
Startup wait: 45s
Estimated total time: 4.5 hours
Results directory: tools/sweep/switching_ideology_threshold/results
Namespace: sweep-ideology-thresh
Auto-restart: after 3 consecutive failures

Starting sweep at 2026-03-13T08:16:03.686493...
------------------------------------------------------------
Initial cleanup - stopping any running networks...
  Cooldown 30s...
[1/4] Running sweep_0000...
  Injecting sweep config...
  Injecting network metadata...
  Stopping previous network...
  Cooldown 30s...
  Deploying network...
  Waiting 45s for nodes to start...
  Network deployed with 25 pods
  Deploying scenario commander...
  Waiting for scenario completion (up to 4120s)...
    Found commander pod: commander-partitionminerwithpools-1773404283
    Still waiting... (810s elapsed, pod: Running)
    Still waiting... (1530s elapsed, pod: Running)
    Still waiting... (2160s elapsed, pod: Running)
    Pod status: Succeeded after 4013s
  Extracting results...
  Results extracted successfully
  OK (4105s) - ETA: 3:25:15
[2/4] Running sweep_0001...
  Injecting sweep config...
  Injecting network metadata...
  Stopping previous network...
  Cooldown 30s...
  Deploying network...
  Waiting 45s for nodes to start...
  Network deployed with 25 pods
  Deploying scenario commander...
  Waiting for scenario completion (up to 4120s)...
    Found commander pod: commander-partitionminerwithpools-1773408397
    Still waiting... (810s elapsed, pod: Running)
    Still waiting... (1530s elapsed, pod: Running)
    Still waiting... (2160s elapsed, pod: Running)
    Pod status: Succeeded after 4013s
  Extracting results...
  Results extracted successfully
  OK (4115s) - ETA: 2:17:00
[3/4] Running sweep_0002...
  Injecting sweep config...
  Injecting network metadata...
  Stopping previous network...
  Cooldown 30s...
  Deploying network...
  Waiting 45s for nodes to start...
  Network deployed with 25 pods
  Deploying scenario commander...
  Waiting for scenario completion (up to 4120s)...
    Found commander pod: commander-partitionminerwithpools-1773412513
    Still waiting... (810s elapsed, pod: Running)
    Still waiting... (1530s elapsed, pod: Running)
    Still waiting... (2160s elapsed, pod: Running)
    Still waiting... (3330s elapsed, pod: Running)
    Still waiting... (3870s elapsed, pod: Running)
    Pod status: Succeeded after 4013s
  Extracting results...
  Results extracted successfully
  OK (4115s) - ETA: 1:08:31
[4/4] Running sweep_0003...
  Injecting sweep config...
  Injecting network metadata...
  Stopping previous network...
  Cooldown 30s...
  Deploying network...
  Waiting 45s for nodes to start...
  Network deployed with 25 pods
  Deploying scenario commander...
  Waiting for scenario completion (up to 4120s)...
    Found commander pod: commander-partitionminerwithpools-1773416629
    Still waiting... (810s elapsed, pod: Running)
    Still waiting... (1530s elapsed, pod: Running)
    Still waiting... (2250s elapsed, pod: Running)
    Still waiting... (3420s elapsed, pod: Running)
    Pod status: Succeeded after 4010s
  Extracting results...
  Results extracted successfully
  OK (4113s) - ETA: 0:00:00

============================================================
Final cleanup - ensuring cluster is clean...
============================================================
  Force cleaning cluster...
  Cluster is clean

============================================================
Sweep Complete!
============================================================
Completed: 4
Failed: 0
Total time: 4:34:22
Results saved to: tools/sweep/switching_ideology_threshold/results

Next step: python 4_analyze_results.py --input tools/sweep/switching_ideology_threshold/results
