Including: __init__.py
Including: commander.py
Including: config/__init__.py
Including: lib/__init__.py
Including: ln_framework
Including: ln_framework/__init__.py
Including: ln_framework/ln.py
Including: partition_miner_with_pools.py
Including: research/commander.py
Including: research/config/__init__.py
Including: research/lib/__init__.py
Including: research/ln_framework
Including: research/ln_framework/__init__.py
Including: research/ln_framework/ln.py
Including: research/scenarios/__init__.py
Including: research/scenarios/partition_miner_with_pools.py
Including: research/test_framework
Including: research/test_framework/__init__.py
Including: research/test_framework/address.py
Including: research/test_framework/authproxy.py
Including: research/test_framework/blockfilter.py
Including: research/test_framework/blocktools.py
Including: research/test_framework/compressor.py
Including: research/test_framework/coverage.py
Including: research/test_framework/crypto
Including: research/test_framework/crypto/bip324_cipher.py
Including: research/test_framework/crypto/chacha20.py
Including: research/test_framework/crypto/ellswift.py
Including: research/test_framework/crypto/hkdf.py
Including: research/test_framework/crypto/muhash.py
Including: research/test_framework/crypto/poly1305.py
Including: research/test_framework/crypto/ripemd160.py
Including: research/test_framework/crypto/secp256k1.py
Including: research/test_framework/crypto/siphash.py
Including: research/test_framework/descriptors.py
Including: research/test_framework/key.py
Including: research/test_framework/mempool_util.py
Including: research/test_framework/messages.py
Including: research/test_framework/netutil.py
Including: research/test_framework/p2p.py
Including: research/test_framework/psbt.py
Including: research/test_framework/script.py
Including: research/test_framework/script_util.py
Including: research/test_framework/segwit_addr.py
Including: research/test_framework/socks5.py
Including: research/test_framework/test_framework.py
Including: research/test_framework/test_node.py
Including: research/test_framework/test_shell.py
Including: research/test_framework/util.py
Including: research/test_framework/v2_p2p.py
Including: research/test_framework/wallet.py
Including: research/test_framework/wallet_util.py
Including: test_framework
Including: test_framework/__init__.py
Including: test_framework/address.py
Including: test_framework/authproxy.py
Including: test_framework/blockfilter.py
Including: test_framework/blocktools.py
Including: test_framework/compressor.py
Including: test_framework/coverage.py
Including: test_framework/crypto
Including: test_framework/crypto/bip324_cipher.py
Including: test_framework/crypto/chacha20.py
Including: test_framework/crypto/ellswift.py
Including: test_framework/crypto/hkdf.py
Including: test_framework/crypto/muhash.py
Including: test_framework/crypto/poly1305.py
Including: test_framework/crypto/ripemd160.py
Including: test_framework/crypto/secp256k1.py
Including: test_framework/crypto/siphash.py
Including: test_framework/descriptors.py
Including: test_framework/key.py
Including: test_framework/mempool_util.py
Including: test_framework/messages.py
Including: test_framework/netutil.py
Including: test_framework/p2p.py
Including: test_framework/psbt.py
Including: test_framework/script.py
Including: test_framework/script_util.py
Including: test_framework/segwit_addr.py
Including: test_framework/socks5.py
Including: test_framework/test_framework.py
Including: test_framework/test_node.py
Including: test_framework/test_shell.py
Including: test_framework/util.py
Including: test_framework/v2_p2p.py
Including: test_framework/wallet.py
Including: test_framework/wallet_util.py
Successfully deployed scenario commander: partition_miner_with_pools
Commander pod name: commander-partitionminerwithpools-1773682232
# Scenario: sweep_0004
# Started: 2026-03-16T13:30:31.768689
# Command: warnet run /home/pfoy/bitcoin/warnetScenarioDiscovery/scenarios/partition_miner_with_pools.py --namespace grid2016-c4 --pool-scenario=sweep_0004 --economic-scenario=sweep_0004 --enable-difficulty --enable-reorg-metrics --retarget-interval=2016 --duration=13000 --interval=2 --results-id=sweep_0004 --snapshot-interval=60

